0 info it worked if it ends with ok
1 verbose cli [ '/home/jescalante/.nvm/v0.10.35/bin/node',
1 verbose cli   '/home/jescalante/.nvm/v0.10.35/bin/npm',
1 verbose cli   'i',
1 verbose cli   '-D' ]
2 info using npm@1.4.28
3 info using node@v0.10.35
4 error install Couldn't read dependencies
5 error Failed to parse json
5 error Unexpected token }
6 error File: /home/jescalante/Documentos/Github/portafolio/package.json
7 error Failed to parse package.json data.
7 error package.json must be actual JSON, not just JavaScript.
7 error
7 error This is not a bug in npm.
7 error Tell the package author to fix their package.json file. JSON.parse
8 error System Linux 3.16.0-30-generic
9 error command "/home/jescalante/.nvm/v0.10.35/bin/node" "/home/jescalante/.nvm/v0.10.35/bin/npm" "i" "-D"
10 error cwd /home/jescalante/Documentos/Github/portafolio
11 error node -v v0.10.35
12 error npm -v 1.4.28
13 error file /home/jescalante/Documentos/Github/portafolio/package.json
14 error code EJSONPARSE
15 verbose exit [ 1, true ]
